<?xml version="1.0" encoding="UTF-8"?>
<testsuite name="dao.Sql2oFeatureDaoTest" tests="1" skipped="0" failures="0" errors="0" timestamp="2023-02-15T11:40:27" hostname="kajela-HP-EliteBook-840-G3" time="0.981">
  <properties/>
  <testcase name="getAllFeaturesByAirport" classname="dao.Sql2oFeatureDaoTest" time="0.981"/>
  <system-out><![CDATA[clearing database
connection closed
]]></system-out>
  <system-err><![CDATA[]]></system-err>
</testsuite>
