<?xml version="1.0" encoding="UTF-8"?>
<testsuite name="models.FeatureTest" tests="1" skipped="0" failures="0" errors="0" timestamp="2023-02-15T12:05:52" hostname="kajela-HP-EliteBook-840-G3" time="0.005">
  <properties/>
  <testcase name="getAirportIdReturnsCorrectly" classname="models.FeatureTest" time="0.005"/>
  <system-out><![CDATA[]]></system-out>
  <system-err><![CDATA[]]></system-err>
</testsuite>
