<?xml version="1.0" encoding="UTF-8"?>
<testsuite name="models.ActivityTest" tests="1" skipped="0" failures="0" errors="0" timestamp="2023-02-25T08:14:47" hostname="kajela-HP-EliteBook-840-G3" time="0.004">
  <properties/>
  <testcase name="setServiceAbilityStatusSetsCorrectly" classname="models.ActivityTest" time="0.004"/>
  <system-out><![CDATA[]]></system-out>
  <system-err><![CDATA[]]></system-err>
</testsuite>
