<?xml version="1.0" encoding="UTF-8"?>
<testsuite name="models.ActivityTest" tests="1" skipped="0" failures="0" errors="0" timestamp="2023-02-25T08:11:51" hostname="kajela-HP-EliteBook-840-G3" time="0.006">
  <properties/>
  <testcase name="setInspectionOutcomeSetsCorrectly" classname="models.ActivityTest" time="0.006"/>
  <system-out><![CDATA[]]></system-out>
  <system-err><![CDATA[]]></system-err>
</testsuite>
