<?xml version="1.0" encoding="UTF-8"?>
<testsuite name="dao.Sql2oAirportDaoTest" tests="1" skipped="0" failures="0" errors="0" timestamp="2023-02-15T08:16:24" hostname="kajela-HP-EliteBook-840-G3" time="0.521">
  <properties/>
  <testcase name="noAirportsReturnsEmptyList" classname="dao.Sql2oAirportDaoTest" time="0.521"/>
  <system-out><![CDATA[clearing database
connection closed
]]></system-out>
  <system-err><![CDATA[]]></system-err>
</testsuite>
