<?xml version="1.0" encoding="UTF-8"?>
<testsuite name="dao.Sql2oReviewDaoTest" tests="1" skipped="0" failures="0" errors="0" timestamp="2023-02-23T13:22:49" hostname="kajela-HP-EliteBook-840-G3" time="0.486">
  <properties/>
  <testcase name="getAll" classname="dao.Sql2oReviewDaoTest" time="0.486"/>
  <system-out><![CDATA[clearing database
connection closed
]]></system-out>
  <system-err><![CDATA[]]></system-err>
</testsuite>
